<?xml version="1.0" encoding="UTF-8"?>
<testng-results ignored="0" total="1" passed="1" failed="0" skipped="0">
  <reporter-output>
  </reporter-output>
  <suite started-at="2025-03-17T18:19:15 IST" name="Default suite" finished-at="2025-03-17T18:19:28 IST" duration-ms="12871">
    <groups>
    </groups>
    <test started-at="2025-03-17T18:19:15 IST" name="Default test" finished-at="2025-03-17T18:19:28 IST" duration-ms="12871">
      <class name="Testcases.orderplace">
        <test-method is-config="true" signature="Setup()[pri:0, instance:Testcases.orderplace@63475ace]" started-at="2025-03-17T18:19:15 IST" name="Setup" finished-at="2025-03-17T18:19:16 IST" duration-ms="22" status="PASS">
          <reporter-output>
          </reporter-output>
        </test-method> <!-- Setup -->
        <test-method is-config="true" signature="Startup()[pri:0, instance:Testcases.orderplace@63475ace]" started-at="2025-03-17T18:19:16 IST" name="Startup" finished-at="2025-03-17T18:19:23 IST" duration-ms="7740" status="PASS">
          <reporter-output>
          </reporter-output>
        </test-method> <!-- Startup -->
        <test-method signature="Orderplace()[pri:0, instance:Testcases.orderplace@63475ace]" started-at="2025-03-17T18:19:23 IST" name="Orderplace" finished-at="2025-03-17T18:19:28 IST" duration-ms="4629" status="PASS">
          <reporter-output>
          </reporter-output>
        </test-method> <!-- Orderplace -->
        <test-method is-config="true" signature="afterclass()[pri:0, instance:Testcases.orderplace@63475ace]" started-at="2025-03-17T18:19:28 IST" name="afterclass" finished-at="2025-03-17T18:19:28 IST" duration-ms="403" status="PASS">
          <reporter-output>
          </reporter-output>
        </test-method> <!-- afterclass -->
      </class> <!-- Testcases.orderplace -->
    </test> <!-- Default test -->
  </suite> <!-- Default suite -->
</testng-results>
